<?xml version="1.0" encoding="UTF-8"?>
<testsuite name="[8] de.jena.ibis.tests;1.0.0.202303271009-SNAPSHOT" tests="12" skipped="11" failures="0" errors="1" time="0.492" hostname="ilenia-XPS-15-9520" timestamp="2023-03-27T12:09:35">
<properties>
[...]
</properties>
<testcase name="testGetVehicleData(ServiceAware)" classname="de.jena.ibis.tests.IbisCustomerInfoServiceTest" time="0">
<skipped><![CDATA[public void de.jena.ibis.tests.IbisCustomerInfoServiceTest.testGetVehicleData(org.osgi.test.common.service.ServiceAware) is @Disabled]]></skipped>
</testcase>
<testcase name="testGetTripData(ServiceAware)" classname="de.jena.ibis.tests.IbisCustomerInfoServiceTest" time="0">
<skipped><![CDATA[public void de.jena.ibis.tests.IbisCustomerInfoServiceTest.testGetTripData(org.osgi.test.common.service.ServiceAware) is @Disabled]]></skipped>
</testcase>
<testcase name="testGetCurrentDisplayContent(ServiceAware)" classname="de.jena.ibis.tests.IbisCustomerInfoServiceTest" time="0">
<skipped><![CDATA[public void de.jena.ibis.tests.IbisCustomerInfoServiceTest.testGetCurrentDisplayContent(org.osgi.test.common.service.ServiceAware) is @Disabled]]></skipped>
</testcase>
<testcase name="testGetCurrentAnnouncement(ServiceAware)" classname="de.jena.ibis.tests.IbisCustomerInfoServiceTest" time="0">
<skipped><![CDATA[public void de.jena.ibis.tests.IbisCustomerInfoServiceTest.testGetCurrentAnnouncement(org.osgi.test.common.service.ServiceAware) is @Disabled]]></skipped>
</testcase>
<testcase name="testGetAllData(ServiceAware)" classname="de.jena.ibis.tests.IbisCustomerInfoServiceTest" time="0">
<skipped><![CDATA[public void de.jena.ibis.tests.IbisCustomerInfoServiceTest.testGetAllData(org.osgi.test.common.service.ServiceAware) is @Disabled]]></skipped>
</testcase>
<testcase name="testGetCurrentStopIndex(ServiceAware)" classname="de.jena.ibis.tests.IbisCustomerInfoServiceTest" time="0">
<skipped><![CDATA[public void de.jena.ibis.tests.IbisCustomerInfoServiceTest.testGetCurrentStopIndex(org.osgi.test.common.service.ServiceAware) is @Disabled]]></skipped>
</testcase>
<testcase name="testGetCurrentStopPoint(ServiceAware)" classname="de.jena.ibis.tests.IbisCustomerInfoServiceTest" time="0">
<skipped><![CDATA[public void de.jena.ibis.tests.IbisCustomerInfoServiceTest.testGetCurrentStopPoint(org.osgi.test.common.service.ServiceAware) is @Disabled]]></skipped>
</testcase>
<testcase name="testReadXMLResponseFromFile(ServiceAware, ServiceAware)" classname="de.jena.ibis.tests.IbisCustomerInfoServiceTest" time="0">
<skipped><![CDATA[public void de.jena.ibis.tests.IbisCustomerInfoServiceTest.testReadXMLResponseFromFile(org.osgi.test.common.service.ServiceAware,org.osgi.test.common.service.ServiceAware) throws java.lang.Exception is @Disabled]]></skipped>
</testcase>
<testcase name="testSubscribeAllData(ServiceAware)" classname="de.jena.ibis.tests.IbisCustomerInfoServiceTest" time="0">
<skipped><![CDATA[public void de.jena.ibis.tests.IbisCustomerInfoServiceTest.testSubscribeAllData(org.osgi.test.common.service.ServiceAware) is @Disabled]]></skipped>
</testcase>
<testcase name="testGetCurrentConnectionInfo(ServiceAware)" classname="de.jena.ibis.tests.IbisCustomerInfoServiceTest" time="0">
<skipped><![CDATA[public void de.jena.ibis.tests.IbisCustomerInfoServiceTest.testGetCurrentConnectionInfo(org.osgi.test.common.service.ServiceAware) is @Disabled]]></skipped>
</testcase>
<testcase name="testServices(ServiceAware)" classname="de.jena.ibis.tests.IbisCustomerInfoServiceTest" time="0">
<skipped><![CDATA[public void de.jena.ibis.tests.IbisCustomerInfoServiceTest.testServices(org.osgi.test.common.service.ServiceAware) is @Disabled]]></skipped>
</testcase>
<testcase name="testServices(ServiceAware)" classname="de.jena.ibis.tests.IbisDeviceConfiguratorTest" time="0.435">
<error message="Failed to resolve parameter [org.osgi.test.common.service.ServiceAware&lt;de.jena.ibis.apis.IbisDeviceConfigurator&gt; arg0] in method [public void de.jena.ibis.tests.IbisDeviceConfiguratorTest.testServices(org.osgi.test.common.service.ServiceAware&lt;de.jena.ibis.apis.IbisDeviceConfigurator&gt;)]: 1/1 services (objectClass=de.jena.ibis.apis.IbisDeviceConfigurator) didn't arrive within 200ms" type="org.junit.jupiter.api.extension.ParameterResolutionException"><![CDATA[org.junit.jupiter.api.extension.ParameterResolutionException: Failed to resolve parameter [org.osgi.test.common.service.ServiceAware<de.jena.ibis.apis.IbisDeviceConfigurator> arg0] in method [public void de.jena.ibis.tests.IbisDeviceConfiguratorTest.testServices(org.osgi.test.common.service.ServiceAware<de.jena.ibis.apis.IbisDeviceConfigurator>)]: 1/1 services (objectClass=de.jena.ibis.apis.IbisDeviceConfigurator) didn't arrive within 200ms
	at org.junit.jupiter.engine.execution.ParameterResolutionUtils.resolveParameter(ParameterResolutionUtils.java:159)
	at org.junit.jupiter.engine.execution.ParameterResolutionUtils.resolveParameters(ParameterResolutionUtils.java:103)
	at org.junit.jupiter.engine.execution.ParameterResolutionUtils.resolveParameters(ParameterResolutionUtils.java:64)
	at org.junit.jupiter.engine.execution.InterceptingExecutableInvoker.invoke(InterceptingExecutableInvoker.java:84)
	at org.junit.jupiter.engine.descriptor.TestMethodTestDescriptor.lambda$invokeTestMethod$7(TestMethodTestDescriptor.java:217)
	at org.junit.platform.engine.support.hierarchical.ThrowableCollector.execute(ThrowableCollector.java:73)
	at org.junit.jupiter.engine.descriptor.TestMethodTestDescriptor.invokeTestMethod(TestMethodTestDescriptor.java:213)
	at org.junit.jupiter.engine.descriptor.TestMethodTestDescriptor.execute(TestMethodTestDescriptor.java:138)
	at org.junit.jupiter.engine.descriptor.TestMethodTestDescriptor.execute(TestMethodTestDescriptor.java:68)
	at org.junit.platform.engine.support.hierarchical.NodeTestTask.lambda$executeRecursively$6(NodeTestTask.java:151)
	at org.junit.platform.engine.support.hierarchical.ThrowableCollector.execute(ThrowableCollector.java:73)
	at org.junit.platform.engine.support.hierarchical.NodeTestTask.lambda$executeRecursively$8(NodeTestTask.java:141)
	at org.junit.platform.engine.support.hierarchical.Node.around(Node.java:137)
	at org.junit.platform.engine.support.hierarchical.NodeTestTask.lambda$executeRecursively$9(NodeTestTask.java:139)
	at org.junit.platform.engine.support.hierarchical.ThrowableCollector.execute(ThrowableCollector.java:73)
	at org.junit.platform.engine.support.hierarchical.NodeTestTask.executeRecursively(NodeTestTask.java:138)
	at org.junit.platform.engine.support.hierarchical.NodeTestTask.execute(NodeTestTask.java:95)
	at java.base/java.util.ArrayList.forEach(ArrayList.java:1511)
	at org.junit.platform.engine.support.hierarchical.SameThreadHierarchicalTestExecutorService.invokeAll(SameThreadHierarchicalTestExecutorService.java:41)
	at org.junit.platform.engine.support.hierarchical.NodeTestTask.lambda$executeRecursively$6(NodeTestTask.java:155)
	at org.junit.platform.engine.support.hierarchical.ThrowableCollector.execute(ThrowableCollector.java:73)
	at org.junit.platform.engine.support.hierarchical.NodeTestTask.lambda$executeRecursively$8(NodeTestTask.java:141)
	at org.junit.platform.engine.support.hierarchical.Node.around(Node.java:137)
	at org.junit.platform.engine.support.hierarchical.NodeTestTask.lambda$executeRecursively$9(NodeTestTask.java:139)
	at org.junit.platform.engine.support.hierarchical.ThrowableCollector.execute(ThrowableCollector.java:73)
	at org.junit.platform.engine.support.hierarchical.NodeTestTask.executeRecursively(NodeTestTask.java:138)
	at org.junit.platform.engine.support.hierarchical.NodeTestTask.execute(NodeTestTask.java:95)
	at java.base/java.util.ArrayList.forEach(ArrayList.java:1511)
	at org.junit.platform.engine.support.hierarchical.SameThreadHierarchicalTestExecutorService.invokeAll(SameThreadHierarchicalTestExecutorService.java:41)
	at org.junit.platform.engine.support.hierarchical.NodeTestTask.lambda$executeRecursively$6(NodeTestTask.java:155)
	at org.junit.platform.engine.support.hierarchical.ThrowableCollector.execute(ThrowableCollector.java:73)
	at org.junit.platform.engine.support.hierarchical.NodeTestTask.lambda$executeRecursively$8(NodeTestTask.java:141)
	at org.junit.platform.engine.support.hierarchical.Node.around(Node.java:137)
	at org.junit.platform.engine.support.hierarchical.NodeTestTask.lambda$executeRecursively$9(NodeTestTask.java:139)
	at org.junit.platform.engine.support.hierarchical.ThrowableCollector.execute(ThrowableCollector.java:73)
	at org.junit.platform.engine.support.hierarchical.NodeTestTask.executeRecursively(NodeTestTask.java:138)
	at org.junit.platform.engine.support.hierarchical.NodeTestTask.execute(NodeTestTask.java:95)
	at org.junit.platform.engine.support.hierarchical.SameThreadHierarchicalTestExecutorService.submit(SameThreadHierarchicalTestExecutorService.java:35)
	at org.junit.platform.engine.support.hierarchical.HierarchicalTestExecutor.execute(HierarchicalTestExecutor.java:57)
	at org.junit.platform.engine.support.hierarchical.HierarchicalTestEngine.execute(HierarchicalTestEngine.java:54)
	at aQute.tester.bundle.engine.BundleDescriptor.executeChild(BundleDescriptor.java:49)
	at aQute.tester.bundle.engine.BundleEngine.lambda$executeBundle$7(BundleEngine.java:120)
	at java.base/java.util.stream.ForEachOps$ForEachOp$OfRef.accept(ForEachOps.java:183)
	at java.base/java.util.stream.ReferencePipeline$2$1.accept(ReferencePipeline.java:179)
	at java.base/java.util.Iterator.forEachRemaining(Iterator.java:133)
	at java.base/java.util.Spliterators$IteratorSpliterator.forEachRemaining(Spliterators.java:1845)
	at java.base/java.util.stream.AbstractPipeline.copyInto(AbstractPipeline.java:509)
	at java.base/java.util.stream.AbstractPipeline.wrapAndCopyInto(AbstractPipeline.java:499)
	at java.base/java.util.stream.ForEachOps$ForEachOp.evaluateSequential(ForEachOps.java:150)
	at java.base/java.util.stream.ForEachOps$ForEachOp$OfRef.evaluateSequential(ForEachOps.java:173)
	at java.base/java.util.stream.AbstractPipeline.evaluate(AbstractPipeline.java:234)
	at java.base/java.util.stream.ReferencePipeline.forEach(ReferencePipeline.java:596)
	at aQute.tester.bundle.engine.BundleEngine.executeBundle(BundleEngine.java:120)
	at aQute.tester.bundle.engine.BundleEngine.lambda$execute$5(BundleEngine.java:100)
	at java.base/java.util.stream.ForEachOps$ForEachOp$OfRef.accept(ForEachOps.java:183)
	at java.base/java.util.stream.ReferencePipeline$3$1.accept(ReferencePipeline.java:197)
	at java.base/java.util.stream.ReferencePipeline$2$1.accept(ReferencePipeline.java:179)
	at java.base/java.util.Iterator.forEachRemaining(Iterator.java:133)
	at java.base/java.util.Spliterators$IteratorSpliterator.forEachRemaining(Spliterators.java:1845)
	at java.base/java.util.stream.AbstractPipeline.copyInto(AbstractPipeline.java:509)
	at java.base/java.util.stream.AbstractPipeline.wrapAndCopyInto(AbstractPipeline.java:499)
	at java.base/java.util.stream.ForEachOps$ForEachOp.evaluateSequential(ForEachOps.java:150)
	at java.base/java.util.stream.ForEachOps$ForEachOp$OfRef.evaluateSequential(ForEachOps.java:173)
	at java.base/java.util.stream.AbstractPipeline.evaluate(AbstractPipeline.java:234)
	at java.base/java.util.stream.ReferencePipeline.forEach(ReferencePipeline.java:596)
	at aQute.tester.bundle.engine.BundleEngine.execute(BundleEngine.java:100)
	at org.junit.platform.launcher.core.EngineExecutionOrchestrator.execute(EngineExecutionOrchestrator.java:147)
	at org.junit.platform.launcher.core.EngineExecutionOrchestrator.execute(EngineExecutionOrchestrator.java:127)
	at org.junit.platform.launcher.core.EngineExecutionOrchestrator.execute(EngineExecutionOrchestrator.java:90)
	at org.junit.platform.launcher.core.EngineExecutionOrchestrator.lambda$execute$0(EngineExecutionOrchestrator.java:55)
	at org.junit.platform.launcher.core.EngineExecutionOrchestrator.withInterceptedStreams(EngineExecutionOrchestrator.java:102)
	at org.junit.platform.launcher.core.EngineExecutionOrchestrator.execute(EngineExecutionOrchestrator.java:54)
	at org.junit.platform.launcher.core.DefaultLauncher.execute(DefaultLauncher.java:114)
	at org.junit.platform.launcher.core.DefaultLauncher.execute(DefaultLauncher.java:86)
	at org.junit.platform.launcher.core.DefaultLauncherSession$DelegatingLauncher.execute(DefaultLauncherSession.java:86)
	at org.junit.platform.launcher.core.SessionPerRequestLauncher.execute(SessionPerRequestLauncher.java:53)
	at aQute.tester.junit.platform.Activator.test(Activator.java:441)
	at aQute.tester.junit.platform.Activator.automatic(Activator.java:345)
	at aQute.tester.junit.platform.Activator.run(Activator.java:217)
	at java.base/java.util.concurrent.Executors$RunnableAdapter.call(Executors.java:539)
	at aQute.launcher.Launcher.handleMainCallable(Launcher.java:465)
	at aQute.launcher.Launcher.launch(Launcher.java:438)
	at aQute.launcher.Launcher.run(Launcher.java:186)
	at aQute.launcher.Launcher.main(Launcher.java:162)
	at aQute.launcher.pre.EmbeddedLauncher.executeWithRunPath(EmbeddedLauncher.java:170)
	at aQute.launcher.pre.EmbeddedLauncher.findAndExecute(EmbeddedLauncher.java:135)
	at aQute.launcher.pre.EmbeddedLauncher.main(EmbeddedLauncher.java:52)
	Suppressed: java.lang.AssertionError: 1/1 services (objectClass=de.jena.ibis.apis.IbisDeviceConfigurator) didn't arrive within 200ms
		at org.osgi.test.common.service.ServiceConfiguration.init(ServiceConfiguration.java:96)
		at org.osgi.test.junit5.service.ServiceExtension.lambda$getServiceConfiguration$0(ServiceExtension.java:150)
		at org.junit.jupiter.engine.execution.ExtensionValuesStore.lambda$getOrComputeIfAbsent$4(ExtensionValuesStore.java:86)
		at org.junit.jupiter.engine.execution.ExtensionValuesStore$MemoizingSupplier.computeValue(ExtensionValuesStore.java:223)
		at org.junit.jupiter.engine.execution.ExtensionValuesStore$MemoizingSupplier.get(ExtensionValuesStore.java:211)
		at org.junit.jupiter.engine.execution.ExtensionValuesStore$StoredValue.evaluate(ExtensionValuesStore.java:191)
		at org.junit.jupiter.engine.execution.ExtensionValuesStore$StoredValue.evaluateSafely(ExtensionValuesStore.java:183)
		at org.junit.jupiter.engine.execution.ExtensionValuesStore$StoredValue.access$400(ExtensionValuesStore.java:171)
		at org.junit.jupiter.engine.execution.ExtensionValuesStore.lambda$closeAllStoredCloseableValues$1(ExtensionValuesStore.java:65)
		at java.base/java.util.stream.ReferencePipeline$2$1.accept(ReferencePipeline.java:178)
		at java.base/java.util.concurrent.ConcurrentHashMap$ValueSpliterator.forEachRemaining(ConcurrentHashMap.java:3612)
		at java.base/java.util.stream.AbstractPipeline.copyInto(AbstractPipeline.java:509)
		at java.base/java.util.stream.AbstractPipeline.wrapAndCopyInto(AbstractPipeline.java:499)
		at java.base/java.util.stream.ForEachOps$ForEachOp.evaluateSequential(ForEachOps.java:150)
		at java.base/java.util.stream.ForEachOps$ForEachOp$OfRef.evaluateSequential(ForEachOps.java:173)
		at java.base/java.util.stream.AbstractPipeline.evaluate(AbstractPipeline.java:234)
		at java.base/java.util.stream.ReferencePipeline.forEach(ReferencePipeline.java:596)
		at org.junit.jupiter.engine.execution.ExtensionValuesStore.closeAllStoredCloseableValues(ExtensionValuesStore.java:68)
		at org.junit.jupiter.engine.descriptor.AbstractExtensionContext.close(AbstractExtensionContext.java:80)
		at org.junit.jupiter.engine.execution.JupiterEngineExecutionContext.close(JupiterEngineExecutionContext.java:53)
		at org.junit.jupiter.engine.descriptor.JupiterTestDescriptor.cleanUp(JupiterTestDescriptor.java:222)
		at org.junit.jupiter.engine.descriptor.TestMethodTestDescriptor.lambda$cleanUp$1(TestMethodTestDescriptor.java:155)
		at org.junit.platform.engine.support.hierarchical.ThrowableCollector.execute(ThrowableCollector.java:73)
		at org.junit.jupiter.engine.descriptor.TestMethodTestDescriptor.cleanUp(TestMethodTestDescriptor.java:155)
		at org.junit.jupiter.engine.descriptor.TestMethodTestDescriptor.cleanUp(TestMethodTestDescriptor.java:68)
		at org.junit.platform.engine.support.hierarchical.NodeTestTask.lambda$cleanUp$10(NodeTestTask.java:167)
		at org.junit.platform.engine.support.hierarchical.ThrowableCollector.execute(ThrowableCollector.java:73)
		at org.junit.platform.engine.support.hierarchical.NodeTestTask.cleanUp(NodeTestTask.java:167)
		at org.junit.platform.engine.support.hierarchical.NodeTestTask.execute(NodeTestTask.java:98)
		... 70 more
Caused by: java.lang.AssertionError: 1/1 services (objectClass=de.jena.ibis.apis.IbisDeviceConfigurator) didn't arrive within 200ms
	at org.osgi.test.common.service.ServiceConfiguration.init(ServiceConfiguration.java:96)
	at org.osgi.test.junit5.service.ServiceExtension.lambda$getServiceConfiguration$0(ServiceExtension.java:150)
	at org.junit.jupiter.engine.execution.ExtensionValuesStore.lambda$getOrComputeIfAbsent$4(ExtensionValuesStore.java:86)
	at org.junit.jupiter.engine.execution.ExtensionValuesStore$MemoizingSupplier.computeValue(ExtensionValuesStore.java:223)
	at org.junit.jupiter.engine.execution.ExtensionValuesStore$MemoizingSupplier.get(ExtensionValuesStore.java:211)
	at org.junit.jupiter.engine.execution.ExtensionValuesStore$StoredValue.evaluate(ExtensionValuesStore.java:191)
	at org.junit.jupiter.engine.execution.ExtensionValuesStore$StoredValue.access$100(ExtensionValuesStore.java:171)
	at org.junit.jupiter.engine.execution.ExtensionValuesStore.getOrComputeIfAbsent(ExtensionValuesStore.java:89)
	at org.junit.jupiter.engine.execution.ExtensionValuesStore.getOrComputeIfAbsent(ExtensionValuesStore.java:93)
	at org.junit.jupiter.engine.execution.NamespaceAwareStore.getOrComputeIfAbsent(NamespaceAwareStore.java:61)
	at org.osgi.test.junit5.service.ServiceExtension.getServiceConfiguration(ServiceExtension.java:148)
	at org.osgi.test.junit5.service.ServiceExtension.resolveValue(ServiceExtension.java:132)
	at org.osgi.test.junit5.service.ServiceExtension.resolveValue(ServiceExtension.java:58)
	at org.osgi.test.junit5.inject.InjectingExtension.resolveParameter(InjectingExtension.java:189)
	at org.junit.jupiter.engine.execution.ParameterResolutionUtils.resolveParameter(ParameterResolutionUtils.java:136)
	... 86 more
]]></error>
<system-err><![CDATA[ERROR : bundle de.jena.ibis.components:1.0.0.202303271005-SNAPSHOT (3)[de.jena.ibis.components.IbisDeviceConfiguratorImpl(2)] : Error during instantiation of the implementation object
java.lang.reflect.InvocationTargetException
	at java.base/jdk.internal.reflect.NativeConstructorAccessorImpl.newInstance0(Native Method)
	at java.base/jdk.internal.reflect.NativeConstructorAccessorImpl.newInstance(NativeConstructorAccessorImpl.java:77)
	at java.base/jdk.internal.reflect.DelegatingConstructorAccessorImpl.newInstance(DelegatingConstructorAccessorImpl.java:45)
	at java.base/java.lang.reflect.Constructor.newInstanceWithCaller(Constructor.java:499)
	at java.base/java.lang.reflect.Constructor.newInstance(Constructor.java:480)
	at org.apache.felix.scr.impl.inject.internal.ComponentConstructorImpl.newInstance(ComponentConstructorImpl.java:326)
	at org.apache.felix.scr.impl.manager.SingleComponentManager.createImplementationObject(SingleComponentManager.java:286)
	at org.apache.felix.scr.impl.manager.ServiceFactoryComponentManager.getService(ServiceFactoryComponentManager.java:122)
	at org.apache.felix.framework.ServiceRegistrationImpl.getFactoryUnchecked(ServiceRegistrationImpl.java:349)
	at org.apache.felix.framework.ServiceRegistrationImpl.getService(ServiceRegistrationImpl.java:249)
	at org.apache.felix.framework.ServiceRegistry.getService(ServiceRegistry.java:362)
	at org.apache.felix.framework.Felix.getService(Felix.java:3984)
	at org.apache.felix.framework.BundleContextImpl.getService(BundleContextImpl.java:450)
	at org.osgi.test.common.context.CloseableBundleContext.getService(CloseableBundleContext.java:295)
	at java.base/java.lang.invoke.MethodHandle.invokeWithArguments(MethodHandle.java:732)
	at org.osgi.test.common.context.CloseableBundleContext.lambda$invoker$3(CloseableBundleContext.java:124)
	at org.osgi.test.common.context.CloseableBundleContext.invoke(CloseableBundleContext.java:151)
	at jdk.proxy8/jdk.proxy8.$Proxy17.getService(Unknown Source)
	at org.osgi.test.common.context.CloseableBundleContext.getService(CloseableBundleContext.java:295)
	at java.base/java.lang.invoke.MethodHandle.invokeWithArguments(MethodHandle.java:732)
	at org.osgi.test.common.context.CloseableBundleContext.lambda$invoker$3(CloseableBundleContext.java:124)
	at org.osgi.test.common.context.CloseableBundleContext.invoke(CloseableBundleContext.java:151)
	at jdk.proxy8/jdk.proxy8.$Proxy17.getService(Unknown Source)
	at org.osgi.test.common.service.ServiceConfiguration$InnerCustomizer.lambda$addingService$1(ServiceConfiguration.java:243)
	at java.base/java.util.Optional.orElseGet(Optional.java:364)
	at org.osgi.test.common.service.ServiceConfiguration$InnerCustomizer.addingService(ServiceConfiguration.java:243)
	at org.osgi.util.tracker.ServiceTracker$Tracked.customizerAdding(ServiceTracker.java:944)
	at org.osgi.util.tracker.ServiceTracker$Tracked.customizerAdding(ServiceTracker.java:872)
	at org.osgi.util.tracker.AbstractTracked.trackAdding(AbstractTracked.java:256)
	at org.osgi.util.tracker.AbstractTracked.trackInitial(AbstractTracked.java:183)
	at org.osgi.util.tracker.ServiceTracker.open(ServiceTracker.java:322)
	at org.osgi.util.tracker.ServiceTracker.open(ServiceTracker.java:265)
	at org.osgi.test.common.service.ServiceConfiguration.init(ServiceConfiguration.java:87)
	at org.osgi.test.junit5.service.ServiceExtension.lambda$getServiceConfiguration$0(ServiceExtension.java:150)
	at org.junit.jupiter.engine.execution.ExtensionValuesStore.lambda$getOrComputeIfAbsent$4(ExtensionValuesStore.java:86)
	at org.junit.jupiter.engine.execution.ExtensionValuesStore$MemoizingSupplier.computeValue(ExtensionValuesStore.java:223)
	at org.junit.jupiter.engine.execution.ExtensionValuesStore$MemoizingSupplier.get(ExtensionValuesStore.java:211)
	at org.junit.jupiter.engine.execution.ExtensionValuesStore$StoredValue.evaluate(ExtensionValuesStore.java:191)
	at org.junit.jupiter.engine.execution.ExtensionValuesStore$StoredValue.access$100(ExtensionValuesStore.java:171)
	at org.junit.jupiter.engine.execution.ExtensionValuesStore.getOrComputeIfAbsent(ExtensionValuesStore.java:89)
	at org.junit.jupiter.engine.execution.ExtensionValuesStore.getOrComputeIfAbsent(ExtensionValuesStore.java:93)
	at org.junit.jupiter.engine.execution.NamespaceAwareStore.getOrComputeIfAbsent(NamespaceAwareStore.java:61)
	at org.osgi.test.junit5.service.ServiceExtension.getServiceConfiguration(ServiceExtension.java:148)
	at org.osgi.test.junit5.service.ServiceExtension.resolveValue(ServiceExtension.java:132)
	at org.osgi.test.junit5.service.ServiceExtension.resolveValue(ServiceExtension.java:58)
	at org.osgi.test.junit5.inject.InjectingExtension.resolveParameter(InjectingExtension.java:189)
	at org.junit.jupiter.engine.execution.ParameterResolutionUtils.resolveParameter(ParameterResolutionUtils.java:136)
	at org.junit.jupiter.engine.execution.ParameterResolutionUtils.resolveParameters(ParameterResolutionUtils.java:103)
	at org.junit.jupiter.engine.execution.ParameterResolutionUtils.resolveParameters(ParameterResolutionUtils.java:64)
	at org.junit.jupiter.engine.execution.InterceptingExecutableInvoker.invoke(InterceptingExecutableInvoker.java:84)
	at org.junit.jupiter.engine.descriptor.TestMethodTestDescriptor.lambda$invokeTestMethod$7(TestMethodTestDescriptor.java:217)
	at org.junit.platform.engine.support.hierarchical.ThrowableCollector.execute(ThrowableCollector.java:73)
	at org.junit.jupiter.engine.descriptor.TestMethodTestDescriptor.invokeTestMethod(TestMethodTestDescriptor.java:213)
	at org.junit.jupiter.engine.descriptor.TestMethodTestDescriptor.execute(TestMethodTestDescriptor.java:138)
	at org.junit.jupiter.engine.descriptor.TestMethodTestDescriptor.execute(TestMethodTestDescriptor.java:68)
	at org.junit.platform.engine.support.hierarchical.NodeTestTask.lambda$executeRecursively$6(NodeTestTask.java:151)
	at org.junit.platform.engine.support.hierarchical.ThrowableCollector.execute(ThrowableCollector.java:73)
	at org.junit.platform.engine.support.hierarchical.NodeTestTask.lambda$executeRecursively$8(NodeTestTask.java:141)
	at org.junit.platform.engine.support.hierarchical.Node.around(Node.java:137)
	at org.junit.platform.engine.support.hierarchical.NodeTestTask.lambda$executeRecursively$9(NodeTestTask.java:139)
	at org.junit.platform.engine.support.hierarchical.ThrowableCollector.execute(ThrowableCollector.java:73)
	at org.junit.platform.engine.support.hierarchical.NodeTestTask.executeRecursively(NodeTestTask.java:138)
	at org.junit.platform.engine.support.hierarchical.NodeTestTask.execute(NodeTestTask.java:95)
	at java.base/java.util.ArrayList.forEach(ArrayList.java:1511)
	at org.junit.platform.engine.support.hierarchical.SameThreadHierarchicalTestExecutorService.invokeAll(SameThreadHierarchicalTestExecutorService.java:41)
	at org.junit.platform.engine.support.hierarchical.NodeTestTask.lambda$executeRecursively$6(NodeTestTask.java:155)
	at org.junit.platform.engine.support.hierarchical.ThrowableCollector.execute(ThrowableCollector.java:73)
	at org.junit.platform.engine.support.hierarchical.NodeTestTask.lambda$executeRecursively$8(NodeTestTask.java:141)
	at org.junit.platform.engine.support.hierarchical.Node.around(Node.java:137)
	at org.junit.platform.engine.support.hierarchical.NodeTestTask.lambda$executeRecursively$9(NodeTestTask.java:139)
	at org.junit.platform.engine.support.hierarchical.ThrowableCollector.execute(ThrowableCollector.java:73)
	at org.junit.platform.engine.support.hierarchical.NodeTestTask.executeRecursively(NodeTestTask.java:138)
	at org.junit.platform.engine.support.hierarchical.NodeTestTask.execute(NodeTestTask.java:95)
	at java.base/java.util.ArrayList.forEach(ArrayList.java:1511)
	at org.junit.platform.engine.support.hierarchical.SameThreadHierarchicalTestExecutorService.invokeAll(SameThreadHierarchicalTestExecutorService.java:41)
	at org.junit.platform.engine.support.hierarchical.NodeTestTask.lambda$executeRecursively$6(NodeTestTask.java:155)
	at org.junit.platform.engine.support.hierarchical.ThrowableCollector.execute(ThrowableCollector.java:73)
	at org.junit.platform.engine.support.hierarchical.NodeTestTask.lambda$executeRecursively$8(NodeTestTask.java:141)
	at org.junit.platform.engine.support.hierarchical.Node.around(Node.java:137)
	at org.junit.platform.engine.support.hierarchical.NodeTestTask.lambda$executeRecursively$9(NodeTestTask.java:139)
	at org.junit.platform.engine.support.hierarchical.ThrowableCollector.execute(ThrowableCollector.java:73)
	at org.junit.platform.engine.support.hierarchical.NodeTestTask.executeRecursively(NodeTestTask.java:138)
	at org.junit.platform.engine.support.hierarchical.NodeTestTask.execute(NodeTestTask.java:95)
	at org.junit.platform.engine.support.hierarchical.SameThreadHierarchicalTestExecutorService.submit(SameThreadHierarchicalTestExecutorService.java:35)
	at org.junit.platform.engine.support.hierarchical.HierarchicalTestExecutor.execute(HierarchicalTestExecutor.java:57)
	at org.junit.platform.engine.support.hierarchical.HierarchicalTestEngine.execute(HierarchicalTestEngine.java:54)
	at aQute.tester.bundle.engine.BundleDescriptor.executeChild(BundleDescriptor.java:49)
	at aQute.tester.bundle.engine.BundleEngine.lambda$executeBundle$7(BundleEngine.java:120)
	at java.base/java.util.stream.ForEachOps$ForEachOp$OfRef.accept(ForEachOps.java:183)
	at java.base/java.util.stream.ReferencePipeline$2$1.accept(ReferencePipeline.java:179)
	at java.base/java.util.Iterator.forEachRemaining(Iterator.java:133)
	at java.base/java.util.Spliterators$IteratorSpliterator.forEachRemaining(Spliterators.java:1845)
	at java.base/java.util.stream.AbstractPipeline.copyInto(AbstractPipeline.java:509)
	at java.base/java.util.stream.AbstractPipeline.wrapAndCopyInto(AbstractPipeline.java:499)
	at java.base/java.util.stream.ForEachOps$ForEachOp.evaluateSequential(ForEachOps.java:150)
	at java.base/java.util.stream.ForEachOps$ForEachOp$OfRef.evaluateSequential(ForEachOps.java:173)
	at java.base/java.util.stream.AbstractPipeline.evaluate(AbstractPipeline.java:234)
	at java.base/java.util.stream.ReferencePipeline.forEach(ReferencePipeline.java:596)
	at aQute.tester.bundle.engine.BundleEngine.executeBundle(BundleEngine.java:120)
	at aQute.tester.bundle.engine.BundleEngine.lambda$execute$5(BundleEngine.java:100)
	at java.base/java.util.stream.ForEachOps$ForEachOp$OfRef.accept(ForEachOps.java:183)
	at java.base/java.util.stream.ReferencePipeline$3$1.accept(ReferencePipeline.java:197)
	at java.base/java.util.stream.ReferencePipeline$2$1.accept(ReferencePipeline.java:179)
	at java.base/java.util.Iterator.forEachRemaining(Iterator.java:133)
	at java.base/java.util.Spliterators$IteratorSpliterator.forEachRemaining(Spliterators.java:1845)
	at java.base/java.util.stream.AbstractPipeline.copyInto(AbstractPipeline.java:509)
	at java.base/java.util.stream.AbstractPipeline.wrapAndCopyInto(AbstractPipeline.java:499)
	at java.base/java.util.stream.ForEachOps$ForEachOp.evaluateSequential(ForEachOps.java:150)
	at java.base/java.util.stream.ForEachOps$ForEachOp$OfRef.evaluateSequential(ForEachOps.java:173)
	at java.base/java.util.stream.AbstractPipeline.evaluate(AbstractPipeline.java:234)
	at java.base/java.util.stream.ReferencePipeline.forEach(ReferencePipeline.java:596)
	at aQute.tester.bundle.engine.BundleEngine.execute(BundleEngine.java:100)
	at org.junit.platform.launcher.core.EngineExecutionOrchestrator.execute(EngineExecutionOrchestrator.java:147)
	at org.junit.platform.launcher.core.EngineExecutionOrchestrator.execute(EngineExecutionOrchestrator.java:127)
	at org.junit.platform.launcher.core.EngineExecutionOrchestrator.execute(EngineExecutionOrchestrator.java:90)
	at org.junit.platform.launcher.core.EngineExecutionOrchestrator.lambda$execute$0(EngineExecutionOrchestrator.java:55)
	at org.junit.platform.launcher.core.EngineExecutionOrchestrator.withInterceptedStreams(EngineExecutionOrchestrator.java:102)
	at org.junit.platform.launcher.core.EngineExecutionOrchestrator.execute(EngineExecutionOrchestrator.java:54)
	at org.junit.platform.launcher.core.DefaultLauncher.execute(DefaultLauncher.java:114)
	at org.junit.platform.launcher.core.DefaultLauncher.execute(DefaultLauncher.java:86)
	at org.junit.platform.launcher.core.DefaultLauncherSession$DelegatingLauncher.execute(DefaultLauncherSession.java:86)
	at org.junit.platform.launcher.core.SessionPerRequestLauncher.execute(SessionPerRequestLauncher.java:53)
	at aQute.tester.junit.platform.Activator.test(Activator.java:441)
	at aQute.tester.junit.platform.Activator.automatic(Activator.java:345)
	at aQute.tester.junit.platform.Activator.run(Activator.java:217)
	at java.base/java.util.concurrent.Executors$RunnableAdapter.call(Executors.java:539)
	at aQute.launcher.Launcher.handleMainCallable(Launcher.java:465)
	at aQute.launcher.Launcher.launch(Launcher.java:438)
	at aQute.launcher.Launcher.run(Launcher.java:186)
	at aQute.launcher.Launcher.main(Launcher.java:162)
	at aQute.launcher.pre.EmbeddedLauncher.executeWithRunPath(EmbeddedLauncher.java:170)
	at aQute.launcher.pre.EmbeddedLauncher.findAndExecute(EmbeddedLauncher.java:135)
	at aQute.launcher.pre.EmbeddedLauncher.main(EmbeddedLauncher.java:52)
Caused by: java.lang.ClassCastException: class org.apache.felix.scr.impl.helper.ReadOnlyDictionary cannot be cast to class de.jena.ibis.apis.IbisDeviceConfiguratorConfig (org.apache.felix.scr.impl.helper.ReadOnlyDictionary is in unnamed module of loader org.apache.felix.framework.BundleWiringImpl$BundleClassLoader @1b90fee4; de.jena.ibis.apis.IbisDeviceConfiguratorConfig is in unnamed module of loader org.apache.felix.framework.BundleWiringImpl$BundleClassLoader @4d5ea776)
	at de.jena.ibis.components.IbisDeviceConfiguratorImpl.<init>(IbisDeviceConfiguratorImpl.java:45)
	... 133 more

ERROR : bundle de.jena.ibis.components:1.0.0.202303271005-SNAPSHOT (3)[de.jena.ibis.components.IbisDeviceConfiguratorImpl(2)] : Error during instantiation of the implementation object
java.lang.reflect.InvocationTargetException
	at java.base/jdk.internal.reflect.NativeConstructorAccessorImpl.newInstance0(Native Method)
	at java.base/jdk.internal.reflect.NativeConstructorAccessorImpl.newInstance(NativeConstructorAccessorImpl.java:77)
	at java.base/jdk.internal.reflect.DelegatingConstructorAccessorImpl.newInstance(DelegatingConstructorAccessorImpl.java:45)
	at java.base/java.lang.reflect.Constructor.newInstanceWithCaller(Constructor.java:499)
	at java.base/java.lang.reflect.Constructor.newInstance(Constructor.java:480)
	at org.apache.felix.scr.impl.inject.internal.ComponentConstructorImpl.newInstance(ComponentConstructorImpl.java:326)
	at org.apache.felix.scr.impl.manager.SingleComponentManager.createImplementationObject(SingleComponentManager.java:286)
	at org.apache.felix.scr.impl.manager.ServiceFactoryComponentManager.getService(ServiceFactoryComponentManager.java:122)
	at org.apache.felix.framework.ServiceRegistrationImpl.getFactoryUnchecked(ServiceRegistrationImpl.java:349)
	at org.apache.felix.framework.ServiceRegistrationImpl.getService(ServiceRegistrationImpl.java:249)
	at org.apache.felix.framework.ServiceRegistry.getService(ServiceRegistry.java:362)
	at org.apache.felix.framework.Felix.getService(Felix.java:3984)
	at org.apache.felix.framework.BundleContextImpl.getService(BundleContextImpl.java:450)
	at org.osgi.test.common.context.CloseableBundleContext.getService(CloseableBundleContext.java:295)
	at java.base/java.lang.invoke.MethodHandle.invokeWithArguments(MethodHandle.java:732)
	at org.osgi.test.common.context.CloseableBundleContext.lambda$invoker$3(CloseableBundleContext.java:124)
	at org.osgi.test.common.context.CloseableBundleContext.invoke(CloseableBundleContext.java:151)
	at jdk.proxy8/jdk.proxy8.$Proxy17.getService(Unknown Source)
	at org.osgi.test.common.context.CloseableBundleContext.getService(CloseableBundleContext.java:295)
	at java.base/java.lang.invoke.MethodHandle.invokeWithArguments(MethodHandle.java:732)
	at org.osgi.test.common.context.CloseableBundleContext.lambda$invoker$3(CloseableBundleContext.java:124)
	at org.osgi.test.common.context.CloseableBundleContext.invoke(CloseableBundleContext.java:151)
	at jdk.proxy8/jdk.proxy8.$Proxy17.getService(Unknown Source)
	at org.osgi.test.common.service.ServiceConfiguration$InnerCustomizer.lambda$addingService$1(ServiceConfiguration.java:243)
	at java.base/java.util.Optional.orElseGet(Optional.java:364)
	at org.osgi.test.common.service.ServiceConfiguration$InnerCustomizer.addingService(ServiceConfiguration.java:243)
	at org.osgi.util.tracker.ServiceTracker$Tracked.customizerAdding(ServiceTracker.java:944)
	at org.osgi.util.tracker.ServiceTracker$Tracked.customizerAdding(ServiceTracker.java:872)
	at org.osgi.util.tracker.AbstractTracked.trackAdding(AbstractTracked.java:256)
	at org.osgi.util.tracker.AbstractTracked.trackInitial(AbstractTracked.java:183)
	at org.osgi.util.tracker.ServiceTracker.open(ServiceTracker.java:322)
	at org.osgi.util.tracker.ServiceTracker.open(ServiceTracker.java:265)
	at org.osgi.test.common.service.ServiceConfiguration.init(ServiceConfiguration.java:87)
	at org.osgi.test.junit5.service.ServiceExtension.lambda$getServiceConfiguration$0(ServiceExtension.java:150)
	at org.junit.jupiter.engine.execution.ExtensionValuesStore.lambda$getOrComputeIfAbsent$4(ExtensionValuesStore.java:86)
	at org.junit.jupiter.engine.execution.ExtensionValuesStore$MemoizingSupplier.computeValue(ExtensionValuesStore.java:223)
	at org.junit.jupiter.engine.execution.ExtensionValuesStore$MemoizingSupplier.get(ExtensionValuesStore.java:211)
	at org.junit.jupiter.engine.execution.ExtensionValuesStore$StoredValue.evaluate(ExtensionValuesStore.java:191)
	at org.junit.jupiter.engine.execution.ExtensionValuesStore$StoredValue.evaluateSafely(ExtensionValuesStore.java:183)
	at org.junit.jupiter.engine.execution.ExtensionValuesStore$StoredValue.access$400(ExtensionValuesStore.java:171)
	at org.junit.jupiter.engine.execution.ExtensionValuesStore.lambda$closeAllStoredCloseableValues$1(ExtensionValuesStore.java:65)
	at java.base/java.util.stream.ReferencePipeline$2$1.accept(ReferencePipeline.java:178)
	at java.base/java.util.concurrent.ConcurrentHashMap$ValueSpliterator.forEachRemaining(ConcurrentHashMap.java:3612)
	at java.base/java.util.stream.AbstractPipeline.copyInto(AbstractPipeline.java:509)
	at java.base/java.util.stream.AbstractPipeline.wrapAndCopyInto(AbstractPipeline.java:499)
	at java.base/java.util.stream.ForEachOps$ForEachOp.evaluateSequential(ForEachOps.java:150)
	at java.base/java.util.stream.ForEachOps$ForEachOp$OfRef.evaluateSequential(ForEachOps.java:173)
	at java.base/java.util.stream.AbstractPipeline.evaluate(AbstractPipeline.java:234)
	at java.base/java.util.stream.ReferencePipeline.forEach(ReferencePipeline.java:596)
	at org.junit.jupiter.engine.execution.ExtensionValuesStore.closeAllStoredCloseableValues(ExtensionValuesStore.java:68)
	at org.junit.jupiter.engine.descriptor.AbstractExtensionContext.close(AbstractExtensionContext.java:80)
	at org.junit.jupiter.engine.execution.JupiterEngineExecutionContext.close(JupiterEngineExecutionContext.java:53)
	at org.junit.jupiter.engine.descriptor.JupiterTestDescriptor.cleanUp(JupiterTestDescriptor.java:222)
	at org.junit.jupiter.engine.descriptor.TestMethodTestDescriptor.lambda$cleanUp$1(TestMethodTestDescriptor.java:155)
	at org.junit.platform.engine.support.hierarchical.ThrowableCollector.execute(ThrowableCollector.java:73)
	at org.junit.jupiter.engine.descriptor.TestMethodTestDescriptor.cleanUp(TestMethodTestDescriptor.java:155)
	at org.junit.jupiter.engine.descriptor.TestMethodTestDescriptor.cleanUp(TestMethodTestDescriptor.java:68)
	at org.junit.platform.engine.support.hierarchical.NodeTestTask.lambda$cleanUp$10(NodeTestTask.java:167)
	at org.junit.platform.engine.support.hierarchical.ThrowableCollector.execute(ThrowableCollector.java:73)
	at org.junit.platform.engine.support.hierarchical.NodeTestTask.cleanUp(NodeTestTask.java:167)
	at org.junit.platform.engine.support.hierarchical.NodeTestTask.execute(NodeTestTask.java:98)
	at java.base/java.util.ArrayList.forEach(ArrayList.java:1511)
	at org.junit.platform.engine.support.hierarchical.SameThreadHierarchicalTestExecutorService.invokeAll(SameThreadHierarchicalTestExecutorService.java:41)
	at org.junit.platform.engine.support.hierarchical.NodeTestTask.lambda$executeRecursively$6(NodeTestTask.java:155)
	at org.junit.platform.engine.support.hierarchical.ThrowableCollector.execute(ThrowableCollector.java:73)
	at org.junit.platform.engine.support.hierarchical.NodeTestTask.lambda$executeRecursively$8(NodeTestTask.java:141)
	at org.junit.platform.engine.support.hierarchical.Node.around(Node.java:137)
	at org.junit.platform.engine.support.hierarchical.NodeTestTask.lambda$executeRecursively$9(NodeTestTask.java:139)
	at org.junit.platform.engine.support.hierarchical.ThrowableCollector.execute(ThrowableCollector.java:73)
	at org.junit.platform.engine.support.hierarchical.NodeTestTask.executeRecursively(NodeTestTask.java:138)
	at org.junit.platform.engine.support.hierarchical.NodeTestTask.execute(NodeTestTask.java:95)
	at java.base/java.util.ArrayList.forEach(ArrayList.java:1511)
	at org.junit.platform.engine.support.hierarchical.SameThreadHierarchicalTestExecutorService.invokeAll(SameThreadHierarchicalTestExecutorService.java:41)
	at org.junit.platform.engine.support.hierarchical.NodeTestTask.lambda$executeRecursively$6(NodeTestTask.java:155)
	at org.junit.platform.engine.support.hierarchical.ThrowableCollector.execute(ThrowableCollector.java:73)
	at org.junit.platform.engine.support.hierarchical.NodeTestTask.lambda$executeRecursively$8(NodeTestTask.java:141)
	at org.junit.platform.engine.support.hierarchical.Node.around(Node.java:137)
	at org.junit.platform.engine.support.hierarchical.NodeTestTask.lambda$executeRecursively$9(NodeTestTask.java:139)
	at org.junit.platform.engine.support.hierarchical.ThrowableCollector.execute(ThrowableCollector.java:73)
	at org.junit.platform.engine.support.hierarchical.NodeTestTask.executeRecursively(NodeTestTask.java:138)
	at org.junit.platform.engine.support.hierarchical.NodeTestTask.execute(NodeTestTask.java:95)
	at org.junit.platform.engine.support.hierarchical.SameThreadHierarchicalTestExecutorService.submit(SameThreadHierarchicalTestExecutorService.java:35)
	at org.junit.platform.engine.support.hierarchical.HierarchicalTestExecutor.execute(HierarchicalTestExecutor.java:57)
	at org.junit.platform.engine.support.hierarchical.HierarchicalTestEngine.execute(HierarchicalTestEngine.java:54)
	at aQute.tester.bundle.engine.BundleDescriptor.executeChild(BundleDescriptor.java:49)
	at aQute.tester.bundle.engine.BundleEngine.lambda$executeBundle$7(BundleEngine.java:120)
	at java.base/java.util.stream.ForEachOps$ForEachOp$OfRef.accept(ForEachOps.java:183)
	at java.base/java.util.stream.ReferencePipeline$2$1.accept(ReferencePipeline.java:179)
	at java.base/java.util.Iterator.forEachRemaining(Iterator.java:133)
	at java.base/java.util.Spliterators$IteratorSpliterator.forEachRemaining(Spliterators.java:1845)
	at java.base/java.util.stream.AbstractPipeline.copyInto(AbstractPipeline.java:509)
	at java.base/java.util.stream.AbstractPipeline.wrapAndCopyInto(AbstractPipeline.java:499)
	at java.base/java.util.stream.ForEachOps$ForEachOp.evaluateSequential(ForEachOps.java:150)
	at java.base/java.util.stream.ForEachOps$ForEachOp$OfRef.evaluateSequential(ForEachOps.java:173)
	at java.base/java.util.stream.AbstractPipeline.evaluate(AbstractPipeline.java:234)
	at java.base/java.util.stream.ReferencePipeline.forEach(ReferencePipeline.java:596)
	at aQute.tester.bundle.engine.BundleEngine.executeBundle(BundleEngine.java:120)
	at aQute.tester.bundle.engine.BundleEngine.lambda$execute$5(BundleEngine.java:100)
	at java.base/java.util.stream.ForEachOps$ForEachOp$OfRef.accept(ForEachOps.java:183)
	at java.base/java.util.stream.ReferencePipeline$3$1.accept(ReferencePipeline.java:197)
	at java.base/java.util.stream.ReferencePipeline$2$1.accept(ReferencePipeline.java:179)
	at java.base/java.util.Iterator.forEachRemaining(Iterator.java:133)
	at java.base/java.util.Spliterators$IteratorSpliterator.forEachRemaining(Spliterators.java:1845)
	at java.base/java.util.stream.AbstractPipeline.copyInto(AbstractPipeline.java:509)
	at java.base/java.util.stream.AbstractPipeline.wrapAndCopyInto(AbstractPipeline.java:499)
	at java.base/java.util.stream.ForEachOps$ForEachOp.evaluateSequential(ForEachOps.java:150)
	at java.base/java.util.stream.ForEachOps$ForEachOp$OfRef.evaluateSequential(ForEachOps.java:173)
	at java.base/java.util.stream.AbstractPipeline.evaluate(AbstractPipeline.java:234)
	at java.base/java.util.stream.ReferencePipeline.forEach(ReferencePipeline.java:596)
	at aQute.tester.bundle.engine.BundleEngine.execute(BundleEngine.java:100)
	at org.junit.platform.launcher.core.EngineExecutionOrchestrator.execute(EngineExecutionOrchestrator.java:147)
	at org.junit.platform.launcher.core.EngineExecutionOrchestrator.execute(EngineExecutionOrchestrator.java:127)
	at org.junit.platform.launcher.core.EngineExecutionOrchestrator.execute(EngineExecutionOrchestrator.java:90)
	at org.junit.platform.launcher.core.EngineExecutionOrchestrator.lambda$execute$0(EngineExecutionOrchestrator.java:55)
	at org.junit.platform.launcher.core.EngineExecutionOrchestrator.withInterceptedStreams(EngineExecutionOrchestrator.java:102)
	at org.junit.platform.launcher.core.EngineExecutionOrchestrator.execute(EngineExecutionOrchestrator.java:54)
	at org.junit.platform.launcher.core.DefaultLauncher.execute(DefaultLauncher.java:114)
	at org.junit.platform.launcher.core.DefaultLauncher.execute(DefaultLauncher.java:86)
	at org.junit.platform.launcher.core.DefaultLauncherSession$DelegatingLauncher.execute(DefaultLauncherSession.java:86)
	at org.junit.platform.launcher.core.SessionPerRequestLauncher.execute(SessionPerRequestLauncher.java:53)
	at aQute.tester.junit.platform.Activator.test(Activator.java:441)
	at aQute.tester.junit.platform.Activator.automatic(Activator.java:345)
	at aQute.tester.junit.platform.Activator.run(Activator.java:217)
	at java.base/java.util.concurrent.Executors$RunnableAdapter.call(Executors.java:539)
	at aQute.launcher.Launcher.handleMainCallable(Launcher.java:465)
	at aQute.launcher.Launcher.launch(Launcher.java:438)
	at aQute.launcher.Launcher.run(Launcher.java:186)
	at aQute.launcher.Launcher.main(Launcher.java:162)
	at aQute.launcher.pre.EmbeddedLauncher.executeWithRunPath(EmbeddedLauncher.java:170)
	at aQute.launcher.pre.EmbeddedLauncher.findAndExecute(EmbeddedLauncher.java:135)
	at aQute.launcher.pre.EmbeddedLauncher.main(EmbeddedLauncher.java:52)
Caused by: java.lang.ClassCastException: class org.apache.felix.scr.impl.helper.ReadOnlyDictionary cannot be cast to class de.jena.ibis.apis.IbisDeviceConfiguratorConfig (org.apache.felix.scr.impl.helper.ReadOnlyDictionary is in unnamed module of loader org.apache.felix.framework.BundleWiringImpl$BundleClassLoader @1b90fee4; de.jena.ibis.apis.IbisDeviceConfiguratorConfig is in unnamed module of loader org.apache.felix.framework.BundleWiringImpl$BundleClassLoader @4d5ea776)
	at de.jena.ibis.components.IbisDeviceConfiguratorImpl.<init>(IbisDeviceConfiguratorImpl.java:45)
	... 131 more

]]></system-err>
</testcase>
</testsuite>
